<?xml version="1.0" encoding="UTF-8"?>
<!-- Generated by org.testng.reporters.JUnitReportReporter -->
<testsuite hostname="Q1" failures="0" tests="8" name="com.mystore.testcases.TC_Register_001" time="317.211" errors="0" timestamp="2024-03-23T13:28:30 IST" skipped="0">
  <testcase classname="com.mystore.testcases.TC_Register_001" name="registercust" time="41.706"/>
  <system-out/>
  <testcase classname="com.mystore.testcases.TC_Register_001" name="registercust" time="39.700"/>
  <system-out/>
  <testcase classname="com.mystore.testcases.TC_Register_001" name="registercust" time="38.342"/>
  <system-out/>
  <testcase classname="com.mystore.testcases.TC_Register_001" name="registercust" time="39.567"/>
  <system-out/>
  <testcase classname="com.mystore.testcases.TC_Register_001" name="registercust" time="39.606"/>
  <system-out/>
  <testcase classname="com.mystore.testcases.TC_Register_001" name="registercust" time="39.579"/>
  <system-out/>
  <testcase classname="com.mystore.testcases.TC_Register_001" name="registercust" time="39.250"/>
  <system-out/>
  <testcase classname="com.mystore.testcases.TC_Register_001" name="registercust" time="39.461"/>
  <system-out/>
</testsuite> <!-- com.mystore.testcases.TC_Register_001 -->
