<?xml version="1.0" encoding="UTF-8"?>
<!-- Generated by org.testng.reporters.JUnitReportReporter -->
<testsuite hostname="Q1" failures="0" tests="1" name="com.mystore.testcases.TC_Register_001" time="37.756" errors="0" timestamp="2024-03-22T15:38:56 IST" skipped="0">
  <testcase classname="com.mystore.testcases.TC_Register_001" name="registercust" time="37.756"/>
  <system-out/>
</testsuite> <!-- com.mystore.testcases.TC_Register_001 -->
